<?xml version="1.0" encoding="UTF-8"?>
<!-- Generated by org.testng.reporters.JUnitReportReporter -->
<testsuite skipped="0" hostname="ASDA1708PO02529" name="com.CRM.QA.TestCases.LoginPageTest" tests="1" failures="0" timestamp="07 Aug 2019 10:57:32 GMT" time="9.261" errors="0">
  <testcase name="loginTest" time="9.261" classname="com.CRM.QA.TestCases.LoginPageTest"/>
</testsuite> <!-- com.CRM.QA.TestCases.LoginPageTest -->
