<?xml version="1.0" encoding="UTF-8"?>
<!-- Generated by org.testng.reporters.JUnitReportReporter -->
<testsuite skipped="0" hostname="ASDA1708PO02529" name="com.CRM.QA.TestCases.LoginPageTest" tests="1" failures="0" timestamp="02 Aug 2019 08:37:13 GMT" time="19.335" errors="0">
  <testcase name="loginTest" time="19.335" classname="com.CRM.QA.TestCases.LoginPageTest"/>
</testsuite> <!-- com.CRM.QA.TestCases.LoginPageTest -->
